<?xml version='1.0'?>
<ns2:test-suite xmlns:ns2='urn:model.allure.qatools.yandex.ru' start='1684560935768' stop='1684560965685'>
    <name>Cambiar idiomas</name>
    <title>Cambiar idiomas</title>
    <test-cases>
        <test-case start='1684560935776' status='passed' stop='1684560959022'>
            <name>Debería cambiar el idioma primero a francés, luego a alemán y por último a inglés</name>
            <title>Debería cambiar el idioma primero a francés, luego a alemán y por último a inglés</title>
            <labels>
                <label name='language' value='javascript'/>
                <label name='framework' value='wdio'/>
                <label name='thread' value='0-0'/>
            </labels>
            <parameters>
                <parameter kind='argument' name='browser' value='chrome-113.0.5672.127'/>
            </parameters>
            <steps/>
            <attachments/>
        </test-case>
        <test-case start='1684560959024' status='broken' stop='1684560961658'>
            <name>Debería cambiar el idioma a alemán</name>
            <title>Debería cambiar el idioma a alemán</title>
            <labels>
                <label name='language' value='javascript'/>
                <label name='framework' value='wdio'/>
                <label name='thread' value='0-0'/>
            </labels>
            <parameters>
                <parameter kind='argument' name='browser' value='chrome-113.0.5672.127'/>
            </parameters>
            <steps/>
            <attachments>
                <attachment title='Screenshot' source='b76dc84f-da26-4c80-8661-385e18066262-attachment.png' type='image/png' size='556323'/>
            </attachments>
            <failure>
                <message>dropDownLanguage is not defined</message>
                <stack-trace>ReferenceError: dropDownLanguage is not defined
                    at Context.&lt;anonymous> (C:\Users\User\Desktop\UpCamp_FinalTest\Tests-run\/Test1.test.js:9:5)
                    at Context.executeAsync (C:\Users\User\Desktop\UpCamp_FinalTest\node_modules\@wdio\mocha-framework\node_modules\@wdio\utils\build\shim.js:333:27)
                    at Context.testFrameworkFnWrapper (C:\Users\User\Desktop\UpCamp_FinalTest\node_modules\@wdio\mocha-framework\node_modules\@wdio\utils\build\test-framework\testFnWrapper.js:51:32)</stack-trace>
            </failure>
        </test-case>
        <test-case start='1684560961660' status='broken' stop='1684560965680'>
            <name>Debería cambiar el idioma a inglés</name>
            <title>Debería cambiar el idioma a inglés</title>
            <labels>
                <label name='language' value='javascript'/>
                <label name='framework' value='wdio'/>
                <label name='thread' value='0-0'/>
            </labels>
            <parameters>
                <parameter kind='argument' name='browser' value='chrome-113.0.5672.127'/>
            </parameters>
            <steps/>
            <attachments>
                <attachment title='Screenshot' source='e22afdb7-6e58-46d1-992d-8381d2d2fa7a-attachment.png' type='image/png' size='487220'/>
            </attachments>
            <failure>
                <message>dropDownLanguage is not defined</message>
                <stack-trace>ReferenceError: dropDownLanguage is not defined
                    at Context.&lt;anonymous> (C:\Users\User\Desktop\UpCamp_FinalTest\Tests-run\/Test1.test.js:13:5)
                    at Context.executeAsync (C:\Users\User\Desktop\UpCamp_FinalTest\node_modules\@wdio\mocha-framework\node_modules\@wdio\utils\build\shim.js:333:27)
                    at Context.testFrameworkFnWrapper (C:\Users\User\Desktop\UpCamp_FinalTest\node_modules\@wdio\mocha-framework\node_modules\@wdio\utils\build\test-framework\testFnWrapper.js:51:32)</stack-trace>
            </failure>
        </test-case>
    </test-cases>
</ns2:test-suite>