<?xml version='1.0'?>
<ns2:test-suite xmlns:ns2='urn:model.allure.qatools.yandex.ru' start='1683612744233' stop='1683612792838'>
    <name>OpenCart</name>
    <title>OpenCart</title>
    <test-cases>
        <test-case start='1683612744236' status='passed' stop='1683612758887'>
            <name>Debería entrar a Madison Island</name>
            <title>Debería entrar a Madison Island</title>
            <labels>
                <label name='language' value='javascript'/>
                <label name='framework' value='wdio'/>
                <label name='thread' value='0-0'/>
            </labels>
            <parameters>
                <parameter kind='argument' name='browser' value='chrome-113.0.5672.63'/>
            </parameters>
            <steps/>
            <attachments/>
        </test-case>
        <test-case start='1683612758889' status='passed' stop='1683612763897'>
            <name>Debería cambiar a idioma francés</name>
            <title>Debería cambiar a idioma francés</title>
            <labels>
                <label name='language' value='javascript'/>
                <label name='framework' value='wdio'/>
                <label name='thread' value='0-0'/>
            </labels>
            <parameters>
                <parameter kind='argument' name='browser' value='chrome-113.0.5672.63'/>
            </parameters>
            <steps/>
            <attachments/>
        </test-case>
        <test-case start='1683612763898' status='passed' stop='1683612769359'>
            <name>Debería cambiar a idioma alemán</name>
            <title>Debería cambiar a idioma alemán</title>
            <labels>
                <label name='language' value='javascript'/>
                <label name='framework' value='wdio'/>
                <label name='thread' value='0-0'/>
            </labels>
            <parameters>
                <parameter kind='argument' name='browser' value='chrome-113.0.5672.63'/>
            </parameters>
            <steps/>
            <attachments/>
        </test-case>
        <test-case start='1683612769361' status='failed' stop='1683612792752'>
            <name>Debería buscar cardigan</name>
            <title>Debería buscar cardigan</title>
            <labels>
                <label name='language' value='javascript'/>
                <label name='framework' value='wdio'/>
                <label name='thread' value='0-0'/>
            </labels>
            <parameters>
                <parameter kind='argument' name='browser' value='chrome-113.0.5672.63'/>
            </parameters>
            <steps/>
            <attachments>
                <attachment title='Screenshot' source='20f377e5-58cc-450a-8b27-d5c0a97cda33-attachment.png' type='image/png' size='82558'/>
            </attachments>
            <failure>
                <message>expected 'LEXINGTON CARDIGAN SWEATER' to equal 'cardigan'      
                      actual expected
                      
                      'LEXINGTON CARDIGAN SWEATERcardigan'
                      </message>
                <stack-trace>AssertionError: expected 'LEXINGTON CARDIGAN SWEATER' to equal 'cardigan'
                    at Context.&lt;anonymous> (C:\Users\User\Desktop\Prueba final\tests\/madisonisland.test.js:34:60)</stack-trace>
            </failure>
        </test-case>
    </test-cases>
</ns2:test-suite>